0 verbose cli /usr/local/bin/node /usr/local/bin/npm
1 info using npm@10.7.0
2 info using node@v21.7.3
3 silly config:load:file:/usr/local/lib/node_modules/npm/npmrc
4 silly config:load:file:/home/container/.npmrc
5 silly config:load:file:/usr/local/etc/npmrc
6 verbose title npm install
7 verbose argv "install"
8 verbose logfile logs-max:10 dir:/home/container/.npm/_logs/2024-05-18T09_39_14_915Z-
9 verbose logfile /home/container/.npm/_logs/2024-05-18T09_39_14_915Z-debug-0.log
10 silly logfile start cleaning logs, removing 1 files
11 silly logfile done cleaning log files
12 silly idealTree buildDeps
13 silly reify moves {}
14 silly audit bulk request {
14 silly audit   '@discordjs/builders': [ '1.8.1' ],
14 silly audit   '@discordjs/collection': [ '1.5.3', '2.1.0' ],
14 silly audit   '@discordjs/formatters': [ '0.4.0' ],
14 silly audit   '@discordjs/rest': [ '2.3.0' ],
14 silly audit   '@discordjs/util': [ '1.1.0' ],
14 silly audit   '@discordjs/ws': [ '1.1.0' ],
14 silly audit   '@sapphire/async-queue': [ '1.5.2' ],
14 silly audit   '@sapphire/shapeshift': [ '3.9.7' ],
14 silly audit   '@sapphire/snowflake': [ '3.5.3' ],
14 silly audit   '@types/node': [ '20.12.11' ],
14 silly audit   '@types/ws': [ '8.5.10' ],
14 silly audit   '@vladfrangu/async_event_emitter': [ '2.2.4' ],
14 silly audit   axios: [ '0.22.0' ],
14 silly audit   'discord-api-types': [ '0.37.83' ],
14 silly audit   'discord.js': [ '14.15.2' ],
14 silly audit   dotenv: [ '16.4.5' ],
14 silly audit   'fast-deep-equal': [ '3.1.3' ],
14 silly audit   'follow-redirects': [ '1.15.6' ],
14 silly audit   lodash: [ '4.17.21' ],
14 silly audit   'lodash.snakecase': [ '4.1.1' ],
14 silly audit   'magic-bytes.js': [ '1.10.0' ],
14 silly audit   nodeactyl: [ '3.3.0' ],
14 silly audit   'ts-mixer': [ '6.0.4' ],
14 silly audit   tslib: [ '2.6.2' ],
14 silly audit   undici: [ '6.13.0' ],
14 silly audit   'undici-types': [ '5.26.5' ],
14 silly audit   ws: [ '8.17.0' ]
14 silly audit }
15 http fetch POST 200 https://registry.npmjs.org/-/npm/v1/security/advisories/bulk 242ms
16 silly audit report {
16 silly audit report   axios: [
16 silly audit report     {
16 silly audit report       id: 1096525,
16 silly audit report       url: 'https://github.com/advisories/GHSA-wf5p-g6vw-rhxx',
16 silly audit report       title: 'Axios Cross-Site Request Forgery Vulnerability',
16 silly audit report       severity: 'moderate',
16 silly audit report       vulnerable_versions: '>=0.8.1 <0.28.0',
16 silly audit report       cwe: [Array],
16 silly audit report       cvss: [Object]
16 silly audit report     }
16 silly audit report   ]
16 silly audit report }
17 http fetch GET 200 https://registry.npmjs.org/axios 9ms (cache hit)
18 http fetch GET 200 https://registry.npmjs.org/nodeactyl 3ms (cache hit)
19 verbose exit 0
20 info ok
