0 verbose cli /usr/local/bin/node /usr/local/bin/npm
1 info using npm@10.7.0
2 info using node@v21.7.3
3 silly config:load:file:/usr/local/lib/node_modules/npm/npmrc
4 silly config:load:file:/home/container/.npmrc
5 silly config:load:file:/usr/local/etc/npmrc
6 verbose title npm install discord.js nodeactyl dotenv
7 verbose argv "install" "discord.js" "nodeactyl" "dotenv"
8 verbose logfile logs-max:10 dir:/home/container/.npm/_logs/2024-05-18T09_39_02_493Z-
9 verbose logfile /home/container/.npm/_logs/2024-05-18T09_39_02_493Z-debug-0.log
10 silly logfile start cleaning logs, removing 1 files
11 silly logfile done cleaning log files
12 silly idealTree buildDeps
13 silly fetch manifest discord.js@^14.15.2
14 http fetch GET 200 https://registry.npmjs.org/discord.js 21ms (cache hit)
15 silly fetch manifest dotenv@^16.4.5
16 http fetch GET 200 https://registry.npmjs.org/dotenv 13ms (cache hit)
17 silly fetch manifest nodeactyl@^3.3.0
18 http fetch GET 200 https://registry.npmjs.org/nodeactyl 2ms (cache hit)
19 silly placeDep ROOT discord.js@14.15.2 REPLACE for:  want: ^14.15.2
20 silly placeDep ROOT dotenv@16.4.5 REPLACE for:  want: ^16.4.5
21 silly placeDep ROOT nodeactyl@3.3.0 REPLACE for:  want: ^3.3.0
22 silly reify moves {}
23 silly audit bulk request {
23 silly audit   '@discordjs/builders': [ '1.8.1' ],
23 silly audit   '@discordjs/collection': [ '1.5.3', '2.1.0' ],
23 silly audit   '@discordjs/formatters': [ '0.4.0' ],
23 silly audit   '@discordjs/rest': [ '2.3.0' ],
23 silly audit   '@discordjs/util': [ '1.1.0' ],
23 silly audit   '@discordjs/ws': [ '1.1.0' ],
23 silly audit   '@sapphire/async-queue': [ '1.5.2' ],
23 silly audit   '@sapphire/shapeshift': [ '3.9.7' ],
23 silly audit   '@sapphire/snowflake': [ '3.5.3' ],
23 silly audit   '@types/node': [ '20.12.11' ],
23 silly audit   '@types/ws': [ '8.5.10' ],
23 silly audit   '@vladfrangu/async_event_emitter': [ '2.2.4' ],
23 silly audit   axios: [ '0.22.0' ],
23 silly audit   'discord-api-types': [ '0.37.83' ],
23 silly audit   'fast-deep-equal': [ '3.1.3' ],
23 silly audit   'follow-redirects': [ '1.15.6' ],
23 silly audit   lodash: [ '4.17.21' ],
23 silly audit   'lodash.snakecase': [ '4.1.1' ],
23 silly audit   'magic-bytes.js': [ '1.10.0' ],
23 silly audit   'ts-mixer': [ '6.0.4' ],
23 silly audit   tslib: [ '2.6.2' ],
23 silly audit   undici: [ '6.13.0' ],
23 silly audit   'undici-types': [ '5.26.5' ],
23 silly audit   ws: [ '8.17.0' ],
23 silly audit   'discord.js': [ '14.15.2' ],
23 silly audit   dotenv: [ '16.4.5' ],
23 silly audit   nodeactyl: [ '3.3.0' ]
23 silly audit }
24 http fetch POST 200 https://registry.npmjs.org/-/npm/v1/security/advisories/bulk 235ms
25 silly audit report {
25 silly audit report   axios: [
25 silly audit report     {
25 silly audit report       id: 1096525,
25 silly audit report       url: 'https://github.com/advisories/GHSA-wf5p-g6vw-rhxx',
25 silly audit report       title: 'Axios Cross-Site Request Forgery Vulnerability',
25 silly audit report       severity: 'moderate',
25 silly audit report       vulnerable_versions: '>=0.8.1 <0.28.0',
25 silly audit report       cwe: [Array],
25 silly audit report       cvss: [Object]
25 silly audit report     }
25 silly audit report   ]
25 silly audit report }
26 http fetch GET 200 https://registry.npmjs.org/axios 4ms (cache hit)
27 verbose exit 0
28 info ok
